mode: set
github.com/superjcd/userservice/service/store/sql/groups.go:17.79,26.2 2 1
github.com/superjcd/userservice/service/store/sql/groups.go:28.95,32.19 3 0
github.com/superjcd/userservice/service/store/sql/groups.go:32.19,34.3 1 0
github.com/superjcd/userservice/service/store/sql/groups.go:35.2,35.19 1 0
github.com/superjcd/userservice/service/store/sql/groups.go:35.19,37.3 1 0
github.com/superjcd/userservice/service/store/sql/groups.go:38.2,38.22 1 0
github.com/superjcd/userservice/service/store/sql/groups.go:38.22,40.3 1 0
github.com/superjcd/userservice/service/store/sql/groups.go:42.2,50.24 2 0
github.com/superjcd/userservice/service/store/sql/groups.go:53.79,55.79 2 0
github.com/superjcd/userservice/service/store/sql/groups.go:55.79,57.3 1 0
github.com/superjcd/userservice/service/store/sql/groups.go:59.2,59.22 1 0
github.com/superjcd/userservice/service/store/sql/groups.go:59.22,61.3 1 0
github.com/superjcd/userservice/service/store/sql/groups.go:63.2,63.22 1 0
github.com/superjcd/userservice/service/store/sql/groups.go:63.22,65.3 1 0
github.com/superjcd/userservice/service/store/sql/groups.go:67.2,67.32 1 0
github.com/superjcd/userservice/service/store/sql/groups.go:70.79,72.2 1 1
github.com/superjcd/userservice/service/store/sql/sql.go:15.46,17.2 1 1
github.com/superjcd/userservice/service/store/sql/sql.go:19.48,21.2 1 1
github.com/superjcd/userservice/service/store/sql/sql.go:28.61,29.36 1 1
github.com/superjcd/userservice/service/store/sql/sql.go:29.36,31.3 1 0
github.com/superjcd/userservice/service/store/sql/sql.go:32.2,32.17 1 1
github.com/superjcd/userservice/service/store/sql/sql.go:32.17,35.3 2 1
github.com/superjcd/userservice/service/store/sql/sql.go:37.2,37.24 1 1
github.com/superjcd/userservice/service/store/sql/sql.go:40.36,43.35 2 1
github.com/superjcd/userservice/service/store/sql/sql.go:43.35,45.3 1 0
github.com/superjcd/userservice/service/store/sql/sql.go:46.2,46.12 1 1
github.com/superjcd/userservice/service/store/sql/users.go:18.77,21.30 2 1
github.com/superjcd/userservice/service/store/sql/users.go:21.30,23.3 1 0
github.com/superjcd/userservice/service/store/sql/users.go:25.2,33.33 2 1
github.com/superjcd/userservice/service/store/sql/users.go:36.92,40.23 3 1
github.com/superjcd/userservice/service/store/sql/users.go:40.23,42.3 1 1
github.com/superjcd/userservice/service/store/sql/users.go:44.2,44.20 1 1
github.com/superjcd/userservice/service/store/sql/users.go:44.20,46.3 1 1
github.com/superjcd/userservice/service/store/sql/users.go:48.2,48.22 1 1
github.com/superjcd/userservice/service/store/sql/users.go:48.22,50.3 1 1
github.com/superjcd/userservice/service/store/sql/users.go:52.2,60.24 2 1
github.com/superjcd/userservice/service/store/sql/users.go:63.77,65.76 2 1
github.com/superjcd/userservice/service/store/sql/users.go:65.76,67.3 1 0
github.com/superjcd/userservice/service/store/sql/users.go:69.2,72.18 3 1
github.com/superjcd/userservice/service/store/sql/users.go:72.18,74.3 1 1
github.com/superjcd/userservice/service/store/sql/users.go:76.2,78.22 3 1
github.com/superjcd/userservice/service/store/sql/users.go:78.22,80.3 1 0
github.com/superjcd/userservice/service/store/sql/users.go:82.2,82.30 1 1
github.com/superjcd/userservice/service/store/sql/users.go:85.90,88.76 3 1
github.com/superjcd/userservice/service/store/sql/users.go:88.76,90.3 1 0
github.com/superjcd/userservice/service/store/sql/users.go:91.2,92.31 2 1
github.com/superjcd/userservice/service/store/sql/users.go:95.93,98.76 3 1
github.com/superjcd/userservice/service/store/sql/users.go:98.76,100.3 1 0
github.com/superjcd/userservice/service/store/sql/users.go:101.2,101.66 1 1
github.com/superjcd/userservice/service/store/sql/users.go:101.66,103.3 1 0
github.com/superjcd/userservice/service/store/sql/users.go:104.2,104.31 1 1
github.com/superjcd/userservice/service/store/sql/users.go:107.77,109.2 1 1
